[35m[Appium][39m Welcome to Appium v1.22.3
[35m[Appium][39m Non-default server args:
[35m[Appium][39m   port: 58327
[35m[Appium][39m   tmpDir: C:\Users\62851\AppData\Local\Temp\\Katalon\Appium\Temp1689220556559
[35m[Appium][39m   chromedriverPort: 58328
[35m[Appium][39m Deprecated server args:
[35m[Appium][39m   [31m--chromedriver-port[39m => --default-capabilities
[35m[Appium][39m Default capabilities, which will be added to each request unless overridden by desired capabilities:
[35m[Appium][39m   chromedriverPort: 58328
[35m[Appium][39m Appium REST http interface listener started on 0.0.0.0:58327
[35m[HTTP][39m [37m-->[39m [37mGET[39m [37m/wd/hub/status[39m
[35m[HTTP][39m [90m{}[39m
[debug] [35m[GENERIC][39m Calling AppiumDriver.getStatus() with args: []
[debug] [35m[GENERIC][39m Responding to client with driver.getStatus() result: {"build":{"version":"1.22.3"}}
[35m[HTTP][39m [37m<-- GET /wd/hub/status [39m[32m200[39m [90m11 ms - 68[39m
[35m[HTTP][39m [90m[39m
[35m[HTTP][39m [37m-->[39m [37mGET[39m [37m/wd/hub/status[39m
[35m[HTTP][39m [90m{}[39m
[debug] [35m[GENERIC][39m Calling AppiumDriver.getStatus() with args: []
[debug] [35m[GENERIC][39m Responding to client with driver.getStatus() result: {"build":{"version":"1.22.3"}}
[35m[HTTP][39m [37m<-- GET /wd/hub/status [39m[32m200[39m [90m3 ms - 68[39m
[35m[HTTP][39m [90m[39m
[35m[HTTP][39m [37m-->[39m [37mPOST[39m [37m/wd/hub/session[39m
[35m[HTTP][39m [90m{"desiredCapabilities":{"appActivity":".Settings","appPackage":"com.android.settings","newCommandTimeout":1800,"platformVersion":"12","automationName":"uiautomator2","autoGrantPermissions":true,"platformName":"Android","udid":"1f143258","deviceName":"Xiaomi M2007J20CG (Android 12)","platform":"ANDROID","systemPort":8236},"capabilities":{"firstMatch":[{"appium:appActivity":".Settings","appium:appPackage":"com.android.settings","appium:autoGrantPermissions":true,"appium:automationName":"uiautomator2","appium:deviceName":"Xiaomi M2007J20CG (Android 12)","appium:newCommandTimeout":1800,"platform":"ANDROID","platformName":"android","appium:platformVersion":"12","appium:systemPort":8236,"appium:udid":"1f143258"}]}}[39m
[debug] [35m[W3C][39m Calling AppiumDriver.createSession() with args: [{"appActivity":".Settings","appPackage":"com.android.settings","newCommandTimeout":1800,"platformVersion":"12","automationName":"uiautomator2","autoGrantPermissions":true,"platformName":"Android","udid":"1f143258","deviceName":"Xiaomi M2007J20CG (Android 12)","platform":"ANDROID","systemPort":8236},null,{"firstMatch":[{"appium:appActivity":".Settings","appium:appPackage":"com.android.settings","appium:autoGrantPermissions":true,"appium:automationName":"uiautomator2","appium:deviceName":"Xiaomi M2007J20CG (Android 12)","appium:newCommandTimeout":1800,"platform":"ANDROID","platformName":"android","appium:platformVersion":"12","appium:systemPort":8236,"appium:udid":"1f143258"}]}]
[debug] [35m[BaseDriver][39m Event 'newSessionRequested' logged at 1689220559811 (10:55:59 GMT+0700 (Indochina Time))
[35m[BaseDriver][39m The following capabilities are not standard capabilities and should have an extension prefix:
[35m[BaseDriver][39m   platform
[35m[BaseDriver][39m   chromedriverPort
[35m[Appium][39m Appium v1.22.3 creating new AndroidUiautomator2Driver (v1.70.1) session
[debug] [35m[BaseDriver][39m W3C capabilities and MJSONWP desired capabilities were provided
[debug] [35m[BaseDriver][39m Creating session with W3C capabilities: {
[debug] [35m[BaseDriver][39m   "alwaysMatch": {
[debug] [35m[BaseDriver][39m     "appium:platform": "ANDROID",
[debug] [35m[BaseDriver][39m     "platformName": "android",
[debug] [35m[BaseDriver][39m     "appium:chromedriverPort": 58328,
[debug] [35m[BaseDriver][39m     "appium:appActivity": ".Settings",
[debug] [35m[BaseDriver][39m     "appium:appPackage": "com.android.settings",
[debug] [35m[BaseDriver][39m     "appium:autoGrantPermissions": true,
[debug] [35m[BaseDriver][39m     "appium:automationName": "uiautomator2",
[debug] [35m[BaseDriver][39m     "appium:deviceName": "Xiaomi M2007J20CG (Android 12)",
[debug] [35m[BaseDriver][39m     "appium:newCommandTimeout": 1800,
[debug] [35m[BaseDriver][39m     "appium:platformVersion": "12",
[debug] [35m[BaseDriver][39m     "appium:systemPort": 8236,
[debug] [35m[BaseDriver][39m     "appium:udid": "1f143258"
[debug] [35m[BaseDriver][39m   },
[debug] [35m[BaseDriver][39m   "firstMatch": [
[debug] [35m[BaseDriver][39m     {}
[debug] [35m[BaseDriver][39m   ]
[debug] [35m[BaseDriver][39m }
[35m[BaseDriver][39m The following capabilities were provided, but are not recognized by Appium:
[35m[BaseDriver][39m   platform
[35m[BaseDriver][39m Session created with session id: 03e638ff-adf7-4414-bd6d-e20b44517c16
[35m[UiAutomator2][39m Starting 'com.android.settings' directly on the device
[35m[ADB][39m Found 1 'build-tools' folders under 'C:\Users\62851\AppData\Local\Android\Sdk' (newest first):
[35m[ADB][39m     C:/Users/62851/AppData/Local/Android/Sdk/build-tools/33.0.0
[35m[ADB][39m Using 'adb.exe' from 'C:\Users\62851\AppData\Local\Android\Sdk\platform-tools\adb.exe'
[debug] [35m[ADB][39m Running 'C:\Users\62851\AppData\Local\Android\Sdk\platform-tools\adb.exe -P 5037 start-server'
[35m[AndroidDriver][39m Retrieving device list
[debug] [35m[ADB][39m Trying to find a connected android device
[debug] [35m[ADB][39m Getting connected devices
[debug] [35m[ADB][39m Connected devices: [{"udid":"1f143258","state":"device"}]
[35m[AndroidDriver][39m Using device: 1f143258
[35m[ADB][39m Using 'adb.exe' from 'C:\Users\62851\AppData\Local\Android\Sdk\platform-tools\adb.exe'
[debug] [35m[ADB][39m Running 'C:\Users\62851\AppData\Local\Android\Sdk\platform-tools\adb.exe -P 5037 start-server'
[debug] [35m[ADB][39m Setting device id to 1f143258
[debug] [35m[ADB][39m Running 'C:\Users\62851\AppData\Local\Android\Sdk\platform-tools\adb.exe -P 5037 -s 1f143258 shell getprop ro.build.version.sdk'
[debug] [35m[ADB][39m Current device property 'ro.build.version.sdk': 31
[35m[ADB][39m Getting device platform version
[debug] [35m[ADB][39m Running 'C:\Users\62851\AppData\Local\Android\Sdk\platform-tools\adb.exe -P 5037 -s 1f143258 shell getprop ro.build.version.release'
[debug] [35m[ADB][39m Current device property 'ro.build.version.release': 12
[debug] [35m[ADB][39m Device API level: 31
[35m[UiAutomator2][39m Relaxing hidden api policy
[debug] [35m[ADB][39m Running 'C:\Users\62851\AppData\Local\Android\Sdk\platform-tools\adb.exe -P 5037 -s 1f143258 shell 'settings put global hidden_api_policy_pre_p_apps 1;settings put global hidden_api_policy_p_apps 1;settings put global hidden_api_policy 1''
[35m[AndroidDriver][39m No app sent in, not parsing package/activity
[debug] [35m[ADB][39m Running 'C:\Users\62851\AppData\Local\Android\Sdk\platform-tools\adb.exe -P 5037 -s 1f143258 wait-for-device'
[debug] [35m[ADB][39m Running 'C:\Users\62851\AppData\Local\Android\Sdk\platform-tools\adb.exe -P 5037 -s 1f143258 shell echo ping'
[debug] [35m[AndroidDriver][39m Pushing settings apk to device...
[debug] [35m[ADB][39m Getting install status for io.appium.settings
[debug] [35m[ADB][39m Running 'C:\Users\62851\AppData\Local\Android\Sdk\platform-tools\adb.exe -P 5037 -s 1f143258 shell dumpsys package io.appium.settings'
[debug] [35m[ADB][39m 'io.appium.settings' is installed
[debug] [35m[ADB][39m Getting package info for 'io.appium.settings'
[debug] [35m[ADB][39m Running 'C:\Users\62851\AppData\Local\Android\Sdk\platform-tools\adb.exe -P 5037 -s 1f143258 shell dumpsys package io.appium.settings'
[debug] [35m[ADB][39m The version name of the installed 'io.appium.settings' is greater or equal to the application version name ('3.4.0' >= '3.4.0')
[debug] [35m[ADB][39m There is no need to install/upgrade 'C:\Users\62851\AppData\Roaming\npm\node_modules\appium\node_modules\io.appium.settings\apks\settings_apk-debug.apk'
[debug] [35m[ADB][39m Getting IDs of all 'io.appium.settings' processes
[debug] [35m[ADB][39m Running 'C:\Users\62851\AppData\Local\Android\Sdk\platform-tools\adb.exe -P 5037 -s 1f143258 shell 'pgrep --help; echo $?''
[debug] [35m[ADB][39m Running 'C:\Users\62851\AppData\Local\Android\Sdk\platform-tools\adb.exe -P 5037 -s 1f143258 shell pgrep -f \(\[\[:blank:\]\]\|\^\)io\.appium\.settings\(\[\[:blank:\]\]\|\$\)'
[debug] [35m[AndroidDriver][39m io.appium.settings is already running. There is no need to reset its permissions.
[debug] [35m[ADB][39m Running 'C:\Users\62851\AppData\Local\Android\Sdk\platform-tools\adb.exe -P 5037 -s 1f143258 shell appops set io.appium.settings android:mock_location allow'
[debug] [35m[Logcat][39m Starting logs capture with command: C:\\Users\\62851\\AppData\\Local\\Android\\Sdk\\platform-tools\\adb.exe -P 5037 -s 1f143258 logcat -v threadtime
[debug] [35m[UiAutomator2][39m Forwarding UiAutomator2 Server port 6790 to local port 8236
[debug] [35m[ADB][39m Forwarding system: 8236 to device: 6790
[debug] [35m[ADB][39m Running 'C:\Users\62851\AppData\Local\Android\Sdk\platform-tools\adb.exe -P 5037 -s 1f143258 forward tcp:8236 tcp:6790'
[debug] [35m[ADB][39m Getting install status for io.appium.uiautomator2.server
[debug] [35m[ADB][39m Running 'C:\Users\62851\AppData\Local\Android\Sdk\platform-tools\adb.exe -P 5037 -s 1f143258 shell dumpsys package io.appium.uiautomator2.server'
[debug] [35m[ADB][39m 'io.appium.uiautomator2.server' is installed
[debug] [35m[ADB][39m Getting package info for 'io.appium.uiautomator2.server'
[debug] [35m[ADB][39m Running 'C:\Users\62851\AppData\Local\Android\Sdk\platform-tools\adb.exe -P 5037 -s 1f143258 shell dumpsys package io.appium.uiautomator2.server'
[debug] [35m[ADB][39m The version name of the installed 'io.appium.uiautomator2.server' is greater or equal to the application version name ('4.27.0' >= '4.27.0')
[debug] [35m[UiAutomator2][39m io.appium.uiautomator2.server installation state: sameVersionInstalled
[debug] [35m[ADB][39m Checking app cert for C:\Users\62851\AppData\Roaming\npm\node_modules\appium\node_modules\appium-uiautomator2-server\apks\appium-uiautomator2-server-v4.27.0.apk
[35m[ADB][39m Using 'apksigner.jar' from 'C:\Users\62851\AppData\Local\Android\Sdk\build-tools\33.0.0\lib\apksigner.jar'
[debug] [35m[ADB][39m Starting apksigner: D:\\Katalon_Studio_PE\\Katalon_Studio_PE_Windows_64-8.5.2\\jre\\bin\\java.exe -Xmx1024M -Xss1m -jar C:\\Users\\62851\\AppData\\Local\\Android\\Sdk\\build-tools\\33.0.0\\lib\\apksigner.jar verify --print-certs C:\\Users\\62851\\AppData\\Roaming\\npm\\node_modules\\appium\\node_modules\\appium-uiautomator2-server\\apks\\appium-uiautomator2-server-v4.27.0.apk
[debug] [35m[ADB][39m apksigner stdout: Signer #1 certificate DN: EMAILADDRESS=android@android.com, CN=Android, OU=Android, O=Android, L=Mountain View, ST=California, C=US
[debug] [35m[ADB][39m Signer #1 certificate SHA-256 digest: a40da80a59d170caa950cf15c18c454d47a39b26989d8b640ecd745ba71bf5dc
[debug] [35m[ADB][39m Signer #1 certificate SHA-1 digest: 61ed377e85d386a8dfee6b864bd85b0bfaa5af81
[debug] [35m[ADB][39m Signer #1 certificate MD5 digest: e89b158e4bcf988ebd09eb83f5378e87
[debug] [35m[ADB][39m 
[debug] [35m[ADB][39m sha256 hash did match for 'appium-uiautomator2-server-v4.27.0.apk'
[35m[ADB][39m 'C:\Users\62851\AppData\Roaming\npm\node_modules\appium\node_modules\appium-uiautomator2-server\apks\appium-uiautomator2-server-v4.27.0.apk' is signed with the default certificate
[debug] [35m[ADB][39m Getting install status for io.appium.uiautomator2.server.test
[debug] [35m[ADB][39m Running 'C:\Users\62851\AppData\Local\Android\Sdk\platform-tools\adb.exe -P 5037 -s 1f143258 shell dumpsys package io.appium.uiautomator2.server.test'
[debug] [35m[ADB][39m 'io.appium.uiautomator2.server.test' is installed
[debug] [35m[ADB][39m Checking app cert for C:\Users\62851\AppData\Roaming\npm\node_modules\appium\node_modules\appium-uiautomator2-server\apks\appium-uiautomator2-server-debug-androidTest.apk
[debug] [35m[ADB][39m Starting apksigner: D:\\Katalon_Studio_PE\\Katalon_Studio_PE_Windows_64-8.5.2\\jre\\bin\\java.exe -Xmx1024M -Xss1m -jar C:\\Users\\62851\\AppData\\Local\\Android\\Sdk\\build-tools\\33.0.0\\lib\\apksigner.jar verify --print-certs C:\\Users\\62851\\AppData\\Roaming\\npm\\node_modules\\appium\\node_modules\\appium-uiautomator2-server\\apks\\appium-uiautomator2-server-debug-androidTest.apk
[debug] [35m[ADB][39m apksigner stdout: Signer #1 certificate DN: EMAILADDRESS=android@android.com, CN=Android, OU=Android, O=Android, L=Mountain View, ST=California, C=US
[debug] [35m[ADB][39m Signer #1 certificate SHA-256 digest: a40da80a59d170caa950cf15c18c454d47a39b26989d8b640ecd745ba71bf5dc
[debug] [35m[ADB][39m Signer #1 certificate SHA-1 digest: 61ed377e85d386a8dfee6b864bd85b0bfaa5af81
[debug] [35m[ADB][39m Signer #1 certificate MD5 digest: e89b158e4bcf988ebd09eb83f5378e87
[debug] [35m[ADB][39m 
[debug] [35m[ADB][39m sha256 hash did match for 'appium-uiautomator2-server-debug-androidTest.apk'
[35m[ADB][39m 'C:\Users\62851\AppData\Roaming\npm\node_modules\appium\node_modules\appium-uiautomator2-server\apks\appium-uiautomator2-server-debug-androidTest.apk' is signed with the default certificate
[35m[UiAutomator2][39m Server packages are not going to be (re)installed
[debug] [35m[UiAutomator2][39m Waiting up to 30000ms for services to be available
[debug] [35m[ADB][39m Running 'C:\Users\62851\AppData\Local\Android\Sdk\platform-tools\adb.exe -P 5037 -s 1f143258 shell pm list instrumentation'
[debug] [35m[UiAutomator2][39m Instrumentation target 'io.appium.uiautomator2.server.test/androidx.test.runner.AndroidJUnitRunner' is available
[35m[ADB][39m Adding packages ["io.appium.settings","io.appium.uiautomator2.server","io.appium.uiautomator2.server.test"] to Doze whitelist
[debug] [35m[ADB][39m Got the following command chunks to execute: [["dumpsys","deviceidle","whitelist","+io.appium.settings",";","dumpsys","deviceidle","whitelist","+io.appium.uiautomator2.server",";","dumpsys","deviceidle","whitelist","+io.appium.uiautomator2.server.test",";"]]
[debug] [35m[ADB][39m Running 'C:\Users\62851\AppData\Local\Android\Sdk\platform-tools\adb.exe -P 5037 -s 1f143258 shell dumpsys deviceidle whitelist +io.appium.settings ; dumpsys deviceidle whitelist +io.appium.uiautomator2.server ; dumpsys deviceidle whitelist +io.appium.uiautomator2.server.test ;'
[debug] [35m[UiAutomator2][39m No app capability. Assuming it is already on the device
[debug] [35m[ADB][39m Getting install status for com.android.settings
[debug] [35m[ADB][39m Running 'C:\Users\62851\AppData\Local\Android\Sdk\platform-tools\adb.exe -P 5037 -s 1f143258 shell dumpsys package com.android.settings'
[debug] [35m[ADB][39m 'com.android.settings' is installed
[debug] [35m[ADB][39m Running 'C:\Users\62851\AppData\Local\Android\Sdk\platform-tools\adb.exe -P 5037 -s 1f143258 shell am force-stop com.android.settings'
[debug] [35m[ADB][39m Running 'C:\Users\62851\AppData\Local\Android\Sdk\platform-tools\adb.exe -P 5037 -s 1f143258 shell pm clear com.android.settings'
[debug] [35m[ADB][39m Running 'C:\Users\62851\AppData\Local\Android\Sdk\platform-tools\adb.exe -P 5037 -s 1f143258 shell dumpsys package com.android.settings'
[debug] [35m[ADB][39m Retrieving requested permissions
[debug] [35m[ADB][39m Retrieved 382 permissions from requested group
[debug] [35m[ADB][39m Retrieving granted permissions
[debug] [35m[ADB][39m Retrieved 302 permissions from install,runtime groups
[debug] [35m[ADB][39m Granting permissions ["android.globallauncher.permission.READ_SETTINGS"] to 'com.android.settings'
[debug] [35m[ADB][39m Got the following command chunks to execute: [["pm","grant","com.android.settings","android.globallauncher.permission.READ_SETTINGS",";"]]
[debug] [35m[ADB][39m Running 'C:\Users\62851\AppData\Local\Android\Sdk\platform-tools\adb.exe -P 5037 -s 1f143258 shell pm grant com.android.settings android.globallauncher.permission.READ_SETTINGS ;'
[debug] [35m[AndroidDriver][39m Performed fast reset on the installed 'com.android.settings' application (stop and clear)
[debug] [35m[UiAutomator2][39m Performing shallow cleanup of automation leftovers
[debug] [35m[UiAutomator2][39m The following obsolete sessions are still running: ["ce194d27-74f7-4e4e-8bc2-61e73dabc0d0"]
[debug] [35m[UiAutomator2][39m Cleaning up 1 obsolete session
[debug] [35m[ADB][39m Running 'C:\Users\62851\AppData\Local\Android\Sdk\platform-tools\adb.exe -P 5037 -s 1f143258 shell am force-stop io.appium.uiautomator2.server.test'
[35m[UiAutomator2][39m Starting UIAutomator2 server 4.27.0
[35m[UiAutomator2][39m Using UIAutomator2 server from 'C:\Users\62851\AppData\Roaming\npm\node_modules\appium\node_modules\appium-uiautomator2-server\apks\appium-uiautomator2-server-v4.27.0.apk' and test from 'C:\Users\62851\AppData\Roaming\npm\node_modules\appium\node_modules\appium-uiautomator2-server\apks\appium-uiautomator2-server-debug-androidTest.apk'
[35m[UiAutomator2][39m Waiting up to 30000ms for UiAutomator2 to be online...
[debug] [35m[ADB][39m Creating ADB subprocess with args: ["-P",5037,"-s","1f143258","shell","am","instrument","-w","-e","disableAnalytics",true,"io.appium.uiautomator2.server.test/androidx.test.runner.AndroidJUnitRunner"]
[debug] [35m[WD Proxy][39m Matched '/status' to command name 'getStatus'
[debug] [35m[WD Proxy][39m Proxying [GET /status] to [GET http://127.0.0.1:8236/wd/hub/status] with no body
[35m[WD Proxy][39m socket hang up
[debug] [35m[WD Proxy][39m Matched '/status' to command name 'getStatus'
[debug] [35m[WD Proxy][39m Proxying [GET /status] to [GET http://127.0.0.1:8236/wd/hub/status] with no body
[35m[WD Proxy][39m socket hang up
[debug] [35m[WD Proxy][39m Matched '/status' to command name 'getStatus'
[debug] [35m[WD Proxy][39m Proxying [GET /status] to [GET http://127.0.0.1:8236/wd/hub/status] with no body
[35m[WD Proxy][39m socket hang up
[debug] [35m[WD Proxy][39m Matched '/status' to command name 'getStatus'
[debug] [35m[WD Proxy][39m Proxying [GET /status] to [GET http://127.0.0.1:8236/wd/hub/status] with no body
[35m[WD Proxy][39m socket hang up
[debug] [35m[Instrumentation][39m io.appium.uiautomator2.server.test.AppiumUiAutomator2Server:
[debug] [35m[WD Proxy][39m Matched '/status' to command name 'getStatus'
[debug] [35m[WD Proxy][39m Proxying [GET /status] to [GET http://127.0.0.1:8236/wd/hub/status] with no body
[35m[WD Proxy][39m socket hang up
[debug] [35m[WD Proxy][39m Matched '/status' to command name 'getStatus'
[debug] [35m[WD Proxy][39m Proxying [GET /status] to [GET http://127.0.0.1:8236/wd/hub/status] with no body
[debug] [35m[WD Proxy][39m Got response with status 200: {"sessionId":"None","value":{"message":"UiAutomator2 Server is ready to accept commands","ready":true}}
[debug] [35m[UiAutomator2][39m The initialization of the instrumentation process took 5163ms
[debug] [35m[WD Proxy][39m Matched '/session' to command name 'createSession'
[debug] [35m[WD Proxy][39m Proxying [POST /session] to [POST http://127.0.0.1:8236/wd/hub/session] with body: {"capabilities":{"firstMatch":[{"platform":"ANDROID","webStorageEnabled":false,"takesScreenshot":true,"javascriptEnabled":true,"databaseEnabled":false,"networkConnectionEnabled":true,"locationContextEnabled":false,"warnings":{},"desired":{"platformName":"android","platform":"ANDROID","chromedriverPort":58328,"appActivity":".Settings","appPackage":"com.android.settings","autoGrantPermissions":true,"automationName":"uiautomator2","deviceName":"Xiaomi M2007J20CG (Android 12)","newCommandTimeout":1800,"platformVersion":"12","systemPort":8236,"udid":"1f143258"},"platformName":"android","chromedriverPort":58328,"appActivity":".Settings","appPackage":"com.android.settings","autoGrantPermissions":true,"automationName":"uiautomator2","deviceName":"1f143258","newCommandTimeout":1800,"platformVersion":"12","systemPort":8236,"udid":"1f143258","deviceUDID":"1f143258"}],"alwaysMatch":{}}}
[debug] [35m[WD Proxy][39m Got response with status 200: {"sessionId":"fcb185ed-7b25-45fa-bf09-06bd4493dae0","value":{"capabilities":{"firstMatch":[{"platform":"ANDROID","webStorageEnabled":false,"takesScreenshot":true,"javascriptEnabled":true,"databaseEnabled":false,"networkConnectionEnabled":true,"locationContextEnabled":false,"warnings":{},"desired":{"platformName":"android","platform":"ANDROID","chromedriverPort":58328,"appActivity":".Settings","appPackage":"com.android.settings","autoGrantPermissions":true,"automationName":"uiautomator2","deviceName":"Xiaomi M2007J20CG (Android 12)","newCommandTimeout":1800,"platformVersion":"12","systemPort":8236,"udid":"1f143258"},"platformName":"android","chromedriverPort":58328,"appActivity":".Settings","appPackage":"com.android.settings","autoGrantPermissions":true,"automationName":"uiautomator2","deviceName":"1f143258","newCommandTimeout":1800,"platformVersion":"12","systemPort":8236,"udid":"1f143258","deviceUDID":"1f143258"}],"alwaysMatch":{}},"sessionId":"fcb185ed-7b25-45fa-bf09-06bd4493dae0"}}
[35m[WD Proxy][39m Determined the downstream protocol as 'W3C'
[debug] [35m[WD Proxy][39m Proxying [GET /appium/device/info] to [GET http://127.0.0.1:8236/wd/hub/session/fcb185ed-7b25-45fa-bf09-06bd4493dae0/appium/device/info] with no body
[debug] [35m[WD Proxy][39m Got response with status 200: {"sessionId":"fcb185ed-7b25-45fa-bf09-06bd4493dae0","value":{"androidId":"b31aee456679e2a5","apiVersion":"31","bluetooth":{"state":"OFF"},"brand":"POCO","carrierName":"3SinyalKuatHemat","displayDensity":440,"locale":"en_GB","manufacturer":"Xiaomi","model":"M2007J20CG","networks":[{"capabilities":{"SSID":null,"linkDownBandwidthKbps":9540,"linkUpstreamBandwidthKbps":8769,"networkCapabilities":"NET_CAPABILITY_NOT_METERED,NET_CAPABILITY_INTERNET,NET_CAPABILITY_NOT_RESTRICTED,NET_CAPABILITY_TRUSTED,NET_CAPABILITY_NOT_VPN,NET_CAPABILITY_VALIDATED,NET_CAPABILITY_NOT_ROAMING,NET_CAPABILITY_FOREGROUND,NET_CAPABILITY_NOT_CONGESTED,NET_CAPABILITY_NOT_SUSPENDED","signalStrength":-74,"transportTypes":"TRANSPORT_WIFI"},"detailedState":"CONNECTED","extraInfo":"","isAvailable":true,"isConnected":true,"isFailover":false,"isRoaming":false,"state":"CONNECTED","subtype":-1,"subtypeName":"","type":1,"typeName":"WIFI"},{"capabilities":{"SSID":null,"linkDownBandwidthKbps":30000,"linkUpstreamBandwidthKbps":15000,"networkCapabilit...
[debug] [35m[ADB][39m Running 'C:\Users\62851\AppData\Local\Android\Sdk\platform-tools\adb.exe -P 5037 -s 1f143258 shell dumpsys window'
[35m[AndroidDriver][39m Screen already unlocked, doing nothing
[35m[UiAutomator2][39m Starting 'com.android.settings/.Settings and waiting for 'com.android.settings/.Settings'
[debug] [35m[ADB][39m Running 'C:\Users\62851\AppData\Local\Android\Sdk\platform-tools\adb.exe -P 5037 -s 1f143258 shell am start -W -n com.android.settings/.Settings -S -a android.intent.action.MAIN -c android.intent.category.LAUNCHER -f 0x10200000'
[debug] [35m[WD Proxy][39m Proxying [GET /appium/device/pixel_ratio] to [GET http://127.0.0.1:8236/wd/hub/session/fcb185ed-7b25-45fa-bf09-06bd4493dae0/appium/device/pixel_ratio] with no body
[debug] [35m[WD Proxy][39m Got response with status 200: {"sessionId":"fcb185ed-7b25-45fa-bf09-06bd4493dae0","value":2.75}
[debug] [35m[WD Proxy][39m Matched '/appium/device/system_bars' to command name 'getSystemBars'
[debug] [35m[WD Proxy][39m Proxying [GET /appium/device/system_bars] to [GET http://127.0.0.1:8236/wd/hub/session/fcb185ed-7b25-45fa-bf09-06bd4493dae0/appium/device/system_bars] with no body
[debug] [35m[WD Proxy][39m Got response with status 200: {"sessionId":"fcb185ed-7b25-45fa-bf09-06bd4493dae0","value":{"statusBar":91}}
[debug] [35m[WD Proxy][39m Matched '/window/current/size' to command name 'getWindowSize'
[debug] [35m[WD Proxy][39m Proxying [GET /window/current/size] to [GET http://127.0.0.1:8236/wd/hub/session/fcb185ed-7b25-45fa-bf09-06bd4493dae0/window/current/size] with no body
[debug] [35m[WD Proxy][39m Got response with status 200: {"sessionId":"fcb185ed-7b25-45fa-bf09-06bd4493dae0","value":{"height":2265,"width":1080}}
[35m[Appium][39m New AndroidUiautomator2Driver session created successfully, session 03e638ff-adf7-4414-bd6d-e20b44517c16 added to master session list
[debug] [35m[BaseDriver][39m Event 'newSessionStarted' logged at 1689220572985 (10:56:12 GMT+0700 (Indochina Time))
[debug] [35m[W3C (03e638ff)][39m Cached the protocol value 'W3C' for the new session 03e638ff-adf7-4414-bd6d-e20b44517c16
[debug] [35m[W3C (03e638ff)][39m Responding to client with driver.createSession() result: {"capabilities":{"platform":"ANDROID","webStorageEnabled":false,"takesScreenshot":true,"javascriptEnabled":true,"databaseEnabled":false,"networkConnectionEnabled":true,"locationContextEnabled":false,"warnings":{},"desired":{"platformName":"android","platform":"ANDROID","chromedriverPort":58328,"appActivity":".Settings","appPackage":"com.android.settings","autoGrantPermissions":true,"automationName":"uiautomator2","deviceName":"Xiaomi M2007J20CG (Android 12)","newCommandTimeout":1800,"platformVersion":"12","systemPort":8236,"udid":"1f143258"},"platformName":"android","chromedriverPort":58328,"appActivity":".Settings","appPackage":"com.android.settings","autoGrantPermissions":true,"automationName":"uiautomator2","deviceName":"1f143258","newCommandTimeout":1800,"platformVersion":"12","systemPort":8236,"udid":"1f143258","deviceUDID":"1f143258","deviceApiLevel":31,"deviceScreenSize":"1080x2400","deviceScreenDensity":440,"deviceModel":"M2007J20CG","deviceManufacturer":"Xiaomi","pixelRatio":2.75,"statBarHeight":9...
[35m[HTTP][39m [37m<-- POST /wd/hub/session [39m[32m200[39m [90m13177 ms - 1147[39m
[35m[HTTP][39m [90m[39m
[35m[HTTP][39m [37m-->[39m [37mGET[39m [37m/wd/hub/session/03e638ff-adf7-4414-bd6d-e20b44517c16[39m
[35m[HTTP][39m [90m{}[39m
[debug] [35m[W3C (03e638ff)][39m Calling AppiumDriver.getSession() with args: ["03e638ff-adf7-4414-bd6d-e20b44517c16"]
[debug] [35m[UiAutomator2][39m Getting session details from server to mix in
[debug] [35m[WD Proxy][39m Matched '/' to command name 'getSession'
[debug] [35m[WD Proxy][39m Proxying [GET /] to [GET http://127.0.0.1:8236/wd/hub/session/fcb185ed-7b25-45fa-bf09-06bd4493dae0] with no body
[debug] [35m[WD Proxy][39m Got response with status 200: {"sessionId":"fcb185ed-7b25-45fa-bf09-06bd4493dae0","value":{"lastScrollData":null}}
[debug] [35m[W3C (03e638ff)][39m Responding to client with driver.getSession() result: {"platform":"ANDROID","webStorageEnabled":false,"takesScreenshot":true,"javascriptEnabled":true,"databaseEnabled":false,"networkConnectionEnabled":true,"locationContextEnabled":false,"warnings":{},"desired":{"platformName":"android","platform":"ANDROID","chromedriverPort":58328,"appActivity":".Settings","appPackage":"com.android.settings","autoGrantPermissions":true,"automationName":"uiautomator2","deviceName":"Xiaomi M2007J20CG (Android 12)","newCommandTimeout":1800,"platformVersion":"12","systemPort":8236,"udid":"1f143258"},"platformName":"android","chromedriverPort":58328,"appActivity":".Settings","appPackage":"com.android.settings","autoGrantPermissions":true,"automationName":"uiautomator2","deviceName":"1f143258","newCommandTimeout":1800,"platformVersion":"12","systemPort":8236,"udid":"1f143258","deviceUDID":"1f143258","deviceApiLevel":31,"deviceScreenSize":"1080x2400","deviceScreenDensity":440,"deviceModel":"M2007J20CG","deviceManufacturer":"Xiaomi","pixelRatio":2.75,"statBarHeight":91,"viewportRect"...
[35m[HTTP][39m [37m<-- GET /wd/hub/session/03e638ff-adf7-4414-bd6d-e20b44517c16 [39m[32m200[39m [90m16 ms - 1101[39m
[35m[HTTP][39m [90m[39m
[35m[HTTP][39m [37m-->[39m [37mGET[39m [37m/wd/hub/session/03e638ff-adf7-4414-bd6d-e20b44517c16[39m
[35m[HTTP][39m [90m{}[39m
[debug] [35m[W3C (03e638ff)][39m Calling AppiumDriver.getSession() with args: ["03e638ff-adf7-4414-bd6d-e20b44517c16"]
[debug] [35m[UiAutomator2][39m Getting session details from server to mix in
[debug] [35m[WD Proxy][39m Matched '/' to command name 'getSession'
[debug] [35m[WD Proxy][39m Proxying [GET /] to [GET http://127.0.0.1:8236/wd/hub/session/fcb185ed-7b25-45fa-bf09-06bd4493dae0] with no body
[debug] [35m[WD Proxy][39m Got response with status 200: {"sessionId":"fcb185ed-7b25-45fa-bf09-06bd4493dae0","value":{"lastScrollData":null}}
[debug] [35m[W3C (03e638ff)][39m Responding to client with driver.getSession() result: {"platform":"ANDROID","webStorageEnabled":false,"takesScreenshot":true,"javascriptEnabled":true,"databaseEnabled":false,"networkConnectionEnabled":true,"locationContextEnabled":false,"warnings":{},"desired":{"platformName":"android","platform":"ANDROID","chromedriverPort":58328,"appActivity":".Settings","appPackage":"com.android.settings","autoGrantPermissions":true,"automationName":"uiautomator2","deviceName":"Xiaomi M2007J20CG (Android 12)","newCommandTimeout":1800,"platformVersion":"12","systemPort":8236,"udid":"1f143258"},"platformName":"android","chromedriverPort":58328,"appActivity":".Settings","appPackage":"com.android.settings","autoGrantPermissions":true,"automationName":"uiautomator2","deviceName":"1f143258","newCommandTimeout":1800,"platformVersion":"12","systemPort":8236,"udid":"1f143258","deviceUDID":"1f143258","deviceApiLevel":31,"deviceScreenSize":"1080x2400","deviceScreenDensity":440,"deviceModel":"M2007J20CG","deviceManufacturer":"Xiaomi","pixelRatio":2.75,"statBarHeight":91,"viewportRect"...
[35m[HTTP][39m [37m<-- GET /wd/hub/session/03e638ff-adf7-4414-bd6d-e20b44517c16 [39m[32m200[39m [90m12 ms - 1101[39m
[35m[HTTP][39m [90m[39m
[35m[HTTP][39m [37m-->[39m [37mGET[39m [37m/wd/hub/status[39m
[35m[HTTP][39m [90m{}[39m
[debug] [35m[GENERIC][39m Calling AppiumDriver.getStatus() with args: []
[debug] [35m[GENERIC][39m Responding to client with driver.getStatus() result: {"build":{"version":"1.22.3"}}
[35m[HTTP][39m [37m<-- GET /wd/hub/status [39m[32m200[39m [90m1 ms - 68[39m
[35m[HTTP][39m [90m[39m
[35m[HTTP][39m [37m-->[39m [37mPOST[39m [37m/wd/hub/session/03e638ff-adf7-4414-bd6d-e20b44517c16/timeouts[39m
[35m[HTTP][39m [90m{"implicit":60000}[39m
[debug] [35m[W3C (03e638ff)][39m Calling AppiumDriver.timeouts() with args: [null,null,null,null,60000,"03e638ff-adf7-4414-bd6d-e20b44517c16"]
[debug] [35m[BaseDriver][39m W3C timeout argument: {"implicit":60000}}
[debug] [35m[BaseDriver][39m Set implicit wait to 60000ms
[debug] [35m[W3C (03e638ff)][39m Responding to client with driver.timeouts() result: null
[35m[HTTP][39m [37m<-- POST /wd/hub/session/03e638ff-adf7-4414-bd6d-e20b44517c16/timeouts [39m[32m200[39m [90m4 ms - 14[39m
[35m[HTTP][39m [90m[39m
[35m[HTTP][39m [37m-->[39m [37mGET[39m [37m/wd/hub/session/03e638ff-adf7-4414-bd6d-e20b44517c16/screenshot[39m
[35m[HTTP][39m [90m{}[39m
[debug] [35m[W3C (03e638ff)][39m Calling AppiumDriver.getScreenshot() with args: ["03e638ff-adf7-4414-bd6d-e20b44517c16"]
[debug] [35m[WD Proxy][39m Matched '/screenshot' to command name 'getScreenshot'
[debug] [35m[WD Proxy][39m Proxying [GET /screenshot] to [GET http://127.0.0.1:8236/wd/hub/session/fcb185ed-7b25-45fa-bf09-06bd4493dae0/screenshot] with no body
[debug] [35m[WD Proxy][39m Got response with status 200: {"sessionId":"fcb185ed-7b25-45fa-bf09-06bd4493dae0","value":"iVBORw0KGgoAAAANSUhEUgAABDgAAAlgCAYAAABtGofVAAAAAXNSR0IArs4c6QAAAARzQklUCAgI\nCHwIZIgAACAASURBVHic7N15XFR19wfwz6zMwLDvOwiCCgIqiwqCuKKZe7mVUmpWWj1WbmWFjz0u\nPZXt5ZOpmJVoqWma5oYCikIC4i77vgsywOzz+4Pf3Bj2HZfzfr181VzucoDhzr3nnu/5sgCoQTqF\nz+fDysoK1tbWMDc3h6mpKYyNjWFoaAiRSAShUAiBQAAulwsWi9XX4RJCCCGEEEII6SMqlQoymQwS\niQS1tbWorq5GZWUlKioqUF5ejuLiYhQVFaGkpKSvQ31kcfs6gEeBjY0N3Nzc4ObmBhcXFzg7O8PZ\n2Rn29vawtLTs6/AIIYQQQgghhDwG5HI58vLykJ2djaysLGRkZODevXu4d+8ebt++jZqamr4O8aHG\nAlVwaNHR0cHQoUPh4+MDLy8vDB48GB4eHjAyMurr0AghhBBCCCGEPKFycnKQmpqK1NRUpKSkICkp\nCXfu3OnrsB4qlOAAMGTIEAQEBMDf3x/+/v7w8PDo65AIIYQQQgghhJAW1dbWIiEhAQkJCbhy5Qri\n4+ORm5vb12H1qScywcHhcBAcHIzg4GCMGjUKgYGBEAgEfR0WIYQQQgghhBDSKbm5uYiNjUVMTAwu\nXLiAGzdu9HVIve6JSnCMGjUKY8aMwZgxYxAcHNzX4RBCCCGEEEIIId2utLQU0dHROHPmDM6cOYO0\ntLS+DqlXPPYJDicnJ0yaNAlhYWGYMGECVWoQQgghhBBCCHliZGVl4cSJE8w/qVTa1yH1mMc2wRES\nEoIpU6bgqaeewsCBA/s6HEIIIYQQQgghpE+dPn0ax44dwx9//PFYVnU8dgmOGTNmYPr06Zg+fToM\nDAz6OhxCCCGEEEIIIeShcuPG...
[debug] [35m[W3C (03e638ff)][39m Responding to client with driver.getScreenshot() result: "iVBORw0KGgoAAAANSUhEUgAABDgAAAlgCAYAAABtGofVAAAAAXNSR0IArs4c6QAAAARzQklUCAgI\nCHwIZIgAACAASURBVHic7N15XFR19wfwz6zMwLDvOwiCCgIqiwqCuKKZe7mVUmpWWj1WbmWFjz0u\nPZXt5ZOpmJVoqWma5oYCikIC4i77vgsywOzz+4Pf3Bj2HZfzfr181VzucoDhzr3nnu/5sgCoQTqF\nz+fDysoK1tbWMDc3h6mpKYyNjWFoaAiRSAShUAiBQAAulwsWi9XX4RJCCCGEEEII6SMqlQoymQwS\niQS1tbWorq5GZWUlKioqUF5ejuLiYhQVFaGkpKSvQ31kcfs6gEeBjY0N3Nzc4ObmBhcXFzg7O8PZ\n2Rn29vawtLTs6/AIIYQQQgghhDwG5HI58vLykJ2djaysLGRkZODevXu4d+8ebt++jZqamr4O8aHG\nAlVwaNHR0cHQoUPh4+MDLy8vDB48GB4eHjAyMurr0AghhBBCCCGEPKFycnKQmpqK1NRUpKSkICkp\nCXfu3OnrsB4qlOAAMGTIEAQEBMDf3x/+/v7w8PDo65AIIYQQQgghhJAW1dbWIiEhAQkJCbhy5Qri\n4+ORm5vb12H1qScywcHhcBAcHIzg4GCMGjUKgYGBEAgEfR0WIYQQQgghhBDSKbm5uYiNjUVMTAwu\nXLiAGzdu9HVIve6JSnCMGjUKY8aMwZgxYxAcHNzX4RBCCCGEEEIIId2utLQU0dHROHPmDM6cOYO0\ntLS+DqlXPPYJDicnJ0yaNAlhYWGYMGECVWoQQgghhBBCCHliZGVl4cSJE8w/qVTa1yH1mMc2wRES\nEoIpU6bgqaeewsCBA/s6HEIIIYQQQgghpE+dPn0ax44dwx9//PFYVnU8dgmOGTNmYPr06Zg+fToM\nDAz6OhxCCCGEEEIIIeShcuPGDRw+fBiHDx9GYmJiX4fTbR6LBAePx8Ps2bMxa9YszJo1q6/DIYQQ\nQgghhB...
[35m[HTTP][39m [37m<-- GET /wd/hub/session/03e638ff-adf7-4414-bd6d-e20b44517c16/screenshot [39m[32m200[39m [90m338 ms - 214940[39m
[35m[HTTP][39m [90m[39m
[35m[HTTP][39m [37m-->[39m [37mGET[39m [37m/wd/hub/session/03e638ff-adf7-4414-bd6d-e20b44517c16/window/rect[39m
[35m[HTTP][39m [90m{}[39m
[debug] [35m[W3C (03e638ff)][39m Calling AppiumDriver.getWindowRect() with args: ["03e638ff-adf7-4414-bd6d-e20b44517c16"]
[debug] [35m[WD Proxy][39m Matched '/window/current/size' to command name 'getWindowSize'
[debug] [35m[WD Proxy][39m Proxying [GET /window/current/size] to [GET http://127.0.0.1:8236/wd/hub/session/fcb185ed-7b25-45fa-bf09-06bd4493dae0/window/current/size] with no body
[debug] [35m[WD Proxy][39m Got response with status 200: {"sessionId":"fcb185ed-7b25-45fa-bf09-06bd4493dae0","value":{"height":2265,"width":1080}}
[debug] [35m[W3C (03e638ff)][39m Responding to client with driver.getWindowRect() result: {"width":1080,"height":2265,"x":0,"y":0}
[35m[HTTP][39m [37m<-- GET /wd/hub/session/03e638ff-adf7-4414-bd6d-e20b44517c16/window/rect [39m[32m200[39m [90m19 ms - 50[39m
[35m[HTTP][39m [90m[39m
[35m[HTTP][39m [37m-->[39m [37mGET[39m [37m/wd/hub/session/03e638ff-adf7-4414-bd6d-e20b44517c16/appium/device/system_bars[39m
[35m[HTTP][39m [90m{}[39m
[debug] [35m[W3C (03e638ff)][39m Calling AppiumDriver.getSystemBars() with args: ["03e638ff-adf7-4414-bd6d-e20b44517c16"]
[debug] [35m[ADB][39m Running 'C:\Users\62851\AppData\Local\Android\Sdk\platform-tools\adb.exe -P 5037 -s 1f143258 shell dumpsys window windows'
[debug] [35m[W3C (03e638ff)][39m Responding to client with driver.getSystemBars() result: {"statusBar":{"visible":true,"x":0,"y":0,"width":null,"height":1},"navigationBar":{"visible":true,"x":0,"y":0,"width":null,"height":1}}
[35m[HTTP][39m [37m<-- GET /wd/hub/session/03e638ff-adf7-4414-bd6d-e20b44517c16/appium/device/system_bars [39m[32m200[39m [90m86 ms - 145[39m
[35m[HTTP][39m [90m[39m
[35m[HTTP][39m [37m-->[39m [37mPOST[39m [37m/wd/hub/session/03e638ff-adf7-4414-bd6d-e20b44517c16/appium/device/activate_app[39m
[35m[HTTP][39m [90m{"bundleId":"com.cardlez.id"}[39m
[debug] [35m[W3C (03e638ff)][39m Calling AppiumDriver.activateApp() with args: ["com.cardlez.id",null,null,null,"03e638ff-adf7-4414-bd6d-e20b44517c16"]
[debug] [35m[AndroidDriver][39m Activating 'com.cardlez.id' with 'adb shell monkey -p com.cardlez.id -c android.intent.category.LAUNCHER 1' command
[debug] [35m[ADB][39m Running 'C:\Users\62851\AppData\Local\Android\Sdk\platform-tools\adb.exe -P 5037 -s 1f143258 shell monkey -p com.cardlez.id -c android.intent.category.LAUNCHER 1'
[debug] [35m[AndroidDriver][39m Command stdout: bash arg: -p
[debug] [35m[AndroidDriver][39m   bash arg: com.cardlez.id
[debug] [35m[AndroidDriver][39m   bash arg: -c
[debug] [35m[AndroidDriver][39m   bash arg: android.intent.category.LAUNCHER
[debug] [35m[AndroidDriver][39m   bash arg: 1
[debug] [35m[AndroidDriver][39m Events injected: 1
[debug] [35m[AndroidDriver][39m ## Network stats: elapsed time=25ms (0ms mobile, 0ms wifi, 25ms not connected)
[debug] [35m[W3C (03e638ff)][39m Responding to client with driver.activateApp() result: null
[35m[HTTP][39m [37m<-- POST /wd/hub/session/03e638ff-adf7-4414-bd6d-e20b44517c16/appium/device/activate_app [39m[32m200[39m [90m3360 ms - 14[39m
[35m[HTTP][39m [90m[39m
[35m[HTTP][39m [37m-->[39m [37mGET[39m [37m/wd/hub/session/03e638ff-adf7-4414-bd6d-e20b44517c16/source[39m
[35m[HTTP][39m [90m{}[39m
[35m[W3C (03e638ff)][39m Driver proxy active, passing request on via HTTP proxy
[debug] [35m[WD Proxy][39m Matched '/wd/hub/session/03e638ff-adf7-4414-bd6d-e20b44517c16/source' to command name 'getPageSource'
[debug] [35m[WD Proxy][39m Proxying [GET /wd/hub/session/03e638ff-adf7-4414-bd6d-e20b44517c16/source] to [GET http://127.0.0.1:8236/wd/hub/session/fcb185ed-7b25-45fa-bf09-06bd4493dae0/source] with no body
[debug] [35m[WD Proxy][39m Got response with status 200: {"sessionId":"fcb185ed-7b25-45fa-bf09-06bd4493dae0","value":"<?xml version='1.0' encoding='UTF-8' standalone='yes' ?>\r\n<hierarchy index=\"0\" class=\"hierarchy\" rotation=\"0\" width=\"1080\" height=\"2265\">\r\n  <android.widget.FrameLayout index=\"0\" package=\"com.cardlez.id\" class=\"android.widget.FrameLayout\" text=\"\" checkable=\"false\" checked=\"false\" clickable=\"false\" enabled=\"true\" focusable=\"false\" focused=\"false\" long-clickable=\"false\" password=\"false\" scrollable=\"false\" selected=\"false\" bounds=\"[0,0][1080,2265]\" displayed=\"true\">\r\n    <android.widget.LinearLayout index=\"0\" package=\"com.cardlez.id\" class=\"android.widget.LinearLayout\" text=\"\" checkable=\"false\" checked=\"false\" clickable=\"false\" enabled=\"true\" focusable=\"false\" focused=\"false\" long-clickable=\"false\" password=\"false\" scrollable=\"false\" selected=\"false\" bounds=\"[0,0][1080,2265]\" displayed=\"true\">\r\n      <android.widget.FrameLayout index=\"0\" package=\"com.cardlez.id\" cl...
[35m[WD Proxy][39m Replacing sessionId fcb185ed-7b25-45fa-bf09-06bd4493dae0 with 03e638ff-adf7-4414-bd6d-e20b44517c16
[35m[HTTP][39m [37m<-- GET /wd/hub/session/03e638ff-adf7-4414-bd6d-e20b44517c16/source [39m[32m200[39m [90m422 ms - 12620[39m
[35m[HTTP][39m [90m[39m
[35m[HTTP][39m [37m-->[39m [37mGET[39m [37m/wd/hub/session/03e638ff-adf7-4414-bd6d-e20b44517c16/screenshot[39m
[35m[HTTP][39m [90m{}[39m
[debug] [35m[W3C (03e638ff)][39m Calling AppiumDriver.getScreenshot() with args: ["03e638ff-adf7-4414-bd6d-e20b44517c16"]
[debug] [35m[WD Proxy][39m Matched '/screenshot' to command name 'getScreenshot'
[debug] [35m[WD Proxy][39m Proxying [GET /screenshot] to [GET http://127.0.0.1:8236/wd/hub/session/fcb185ed-7b25-45fa-bf09-06bd4493dae0/screenshot] with no body
[debug] [35m[WD Proxy][39m Got response with status 200: {"sessionId":"fcb185ed-7b25-45fa-bf09-06bd4493dae0","value":"iVBORw0KGgoAAAANSUhEUgAABDgAAAlgCAYAAABtGofVAAAAAXNSR0IArs4c6QAAAARzQklUCAgI\nCHwIZIgAACAASURBVHic7N1ncF3pfSb45z3xJmSAABGZwATGZuomO0e1utWt0JI1ljS2y+Ottdfl\nnZ2acu2n3a3ZTzu7tVs7o63dKu+6PLYs21JLlqzcUWp2N5uhmQnmTAAECBDxhhPf/fBeXOAiZ/CS\nz+8LeS/uOedFujjnOf/3/woAEjQ7ugG9qApaUSW0eDm0eBm0WAlEpBgikoBmxyCsKGDYELoJaDog\nxHKPmoiIiIiIiJaLDAHfgww8SDcN6aUhM0mEmUHIdD/CZB/CZC/CoW6Eg90I0wPLPeKCYyz3AB50\nenkD9IoGGOX10EproZethF5SAy1RsdxDIyIiIiIiooeQ9DII+zsR9HUg6GtH0NuGoOcOgvu3GXxM\nQYAVHDnCisKoXgdjxVoYK9ZAr1oNo2r1cg+LiIiIiIiICGHyPvx7NxDcuw6/6yr8zqsIetuWe1gP\njEc+4DCq1sCo3Qhz5QYYK9dDL29Y7iERERERERERTUs6Sfh3L8PruAi/4wK89guQmcHlHtayeSQD\nDrN2E8yGrTDqW2DWb4Ew7OUeEhEREREREdG8BD234N05B+/OWXi3TyNM9i73kJbUIxNwGFWrYTbt\nhNm4HWbjNtX8k4iIiIiIiOghFNy/A+/WSbg3T8G7eRLSSy/3kBbdQx1wCDsGa/VuWKt2wVy9G1qs\nZLmHRERERERERLSkvLZWeNc/h3vjGPzOq8s9nEXzUAYcenkDrLV7Ya3ZC7O+ZbmHQ0RERERERLTs\nwuR9uNeOwr16BO7Vw8s9nAX3UAUcxsoNsNc9AWvdE9DL65Z7OEREREREREQPJPfKZ3Aufwr38qeQ\nXma5h7MgHoqAw6zbDGv9AdjN...
[debug] [35m[W3C (03e638ff)][39m Responding to client with driver.getScreenshot() result: "iVBORw0KGgoAAAANSUhEUgAABDgAAAlgCAYAAABtGofVAAAAAXNSR0IArs4c6QAAAARzQklUCAgI\nCHwIZIgAACAASURBVHic7N1ncF3pfSb45z3xJmSAABGZwATGZuomO0e1utWt0JI1ljS2y+Ottdfl\nnZ2acu2n3a3ZTzu7tVs7o63dKu+6PLYs21JLlqzcUWp2N5uhmQnmTAAECBDxhhPf/fBeXOAiZ/CS\nz+8LeS/uOedFujjnOf/3/woAEjQ7ugG9qApaUSW0eDm0eBm0WAlEpBgikoBmxyCsKGDYELoJaDog\nxHKPmoiIiIiIiJaLDAHfgww8SDcN6aUhM0mEmUHIdD/CZB/CZC/CoW6Eg90I0wPLPeKCYyz3AB50\nenkD9IoGGOX10EproZethF5SAy1RsdxDIyIiIiIiooeQ9DII+zsR9HUg6GtH0NuGoOcOgvu3GXxM\nQYAVHDnCisKoXgdjxVoYK9ZAr1oNo2r1cg+LiIiIiIiICGHyPvx7NxDcuw6/6yr8zqsIetuWe1gP\njEc+4DCq1sCo3Qhz5QYYK9dDL29Y7iERERERERERTUs6Sfh3L8PruAi/4wK89guQmcHlHtayeSQD\nDrN2E8yGrTDqW2DWb4Ew7OUeEhEREREREdG8BD234N05B+/OWXi3TyNM9i73kJbUIxNwGFWrYTbt\nhNm4HWbjNtX8k4iIiIiIiOghFNy/A+/WSbg3T8G7eRLSSy/3kBbdQx1wCDsGa/VuWKt2wVy9G1qs\nZLmHRERERERERLSkvLZWeNc/h3vjGPzOq8s9nEXzUAYcenkDrLV7Ya3ZC7O+ZbmHQ0RERERERLTs\nwuR9uNeOwr16BO7Vw8s9nAX3UAUcxsoNsNc9AWvdE9DL65Z7OEREREREREQPJPfKZ3Aufwr38qeQ\nXma5h7MgHoqAw6zbDGv9AdjNB6AVVS73cIiIiIiIiIgKgnvjONxLH8O5+DGkm1ru4cxLQQccRnUz\n7I1Pw9...
[35m[HTTP][39m [37m<-- GET /wd/hub/session/03e638ff-adf7-4414-bd6d-e20b44517c16/screenshot [39m[32m200[39m [90m481 ms - 167020[39m
[35m[HTTP][39m [90m[39m
[35m[HTTP][39m [37m-->[39m [37mPOST[39m [37m/wd/hub/session/03e638ff-adf7-4414-bd6d-e20b44517c16/elements[39m
[35m[HTTP][39m [90m{"using":"xpath","value":"//*[@class = 'android.widget.EditText' and @resource-id = 'com.cardlez.id:id/textAktivasi' and (@text = '' or . = '')]"}[39m
[debug] [35m[W3C (03e638ff)][39m Calling AppiumDriver.findElements() with args: ["xpath","//*[@class = 'android.widget.EditText' and @resource-id = 'com.cardlez.id:id/textAktivasi' and (@text = '' or . = '')]","03e638ff-adf7-4414-bd6d-e20b44517c16"]
[debug] [35m[BaseDriver][39m Valid locator strategies for this request: xpath, id, class name, accessibility id, css selector, -android uiautomator
[debug] [35m[BaseDriver][39m Waiting up to 60000 ms for condition
[debug] [35m[WD Proxy][39m Matched '/elements' to command name 'findElements'
[debug] [35m[WD Proxy][39m Proxying [POST /elements] to [POST http://127.0.0.1:8236/wd/hub/session/fcb185ed-7b25-45fa-bf09-06bd4493dae0/elements] with body: {"strategy":"xpath","selector":"//*[@class = 'android.widget.EditText' and @resource-id = 'com.cardlez.id:id/textAktivasi' and (@text = '' or . = '')]","context":"","multiple":true}
[debug] [35m[WD Proxy][39m Got response with status 200: {"sessionId":"fcb185ed-7b25-45fa-bf09-06bd4493dae0","value":[{"ELEMENT":"00000000-0000-1351-ffff-ffff0000020c","element-6066-11e4-a52e-4f735466cecf":"00000000-0000-1351-ffff-ffff0000020c"}]}
[debug] [35m[W3C (03e638ff)][39m Responding to client with driver.findElements() result: [{"element-6066-11e4-a52e-4f735466cecf":"00000000-0000-1351-ffff-ffff0000020c","ELEMENT":"00000000-0000-1351-ffff-ffff0000020c"}]
[35m[HTTP][39m [37m<-- POST /wd/hub/session/03e638ff-adf7-4414-bd6d-e20b44517c16/elements [39m[32m200[39m [90m334 ms - 139[39m
[35m[HTTP][39m [90m[39m
[35m[HTTP][39m [37m-->[39m [37mDELETE[39m [37m/wd/hub/session/03e638ff-adf7-4414-bd6d-e20b44517c16[39m
[35m[HTTP][39m [90m{}[39m
[debug] [35m[W3C (03e638ff)][39m Calling AppiumDriver.deleteSession() with args: ["03e638ff-adf7-4414-bd6d-e20b44517c16"]
[debug] [35m[BaseDriver][39m Event 'quitSessionRequested' logged at 1689220639863 (10:57:19 GMT+0700 (Indochina Time))
[35m[Appium][39m Removing session 03e638ff-adf7-4414-bd6d-e20b44517c16 from our master session list
[debug] [35m[UiAutomator2][39m Deleting UiAutomator2 session
[debug] [35m[UiAutomator2][39m Deleting UiAutomator2 server session
[debug] [35m[WD Proxy][39m Matched '/' to command name 'deleteSession'
[debug] [35m[WD Proxy][39m Proxying [DELETE /] to [DELETE http://127.0.0.1:8236/wd/hub/session/fcb185ed-7b25-45fa-bf09-06bd4493dae0] with no body
[debug] [35m[WD Proxy][39m Got response with status 200: {"sessionId":"fcb185ed-7b25-45fa-bf09-06bd4493dae0","value":null}
[debug] [35m[ADB][39m Running 'C:\Users\62851\AppData\Local\Android\Sdk\platform-tools\adb.exe -P 5037 -s 1f143258 shell am force-stop com.android.settings'
[debug] [35m[Logcat][39m Stopping logcat capture
[debug] [35m[ADB][39m Removing forwarded port socket connection: 8236 
[debug] [35m[ADB][39m Running 'C:\Users\62851\AppData\Local\Android\Sdk\platform-tools\adb.exe -P 5037 -s 1f143258 forward --remove tcp:8236'
[35m[UiAutomator2][39m Restoring hidden api policy to the device default configuration
[debug] [35m[ADB][39m Running 'C:\Users\62851\AppData\Local\Android\Sdk\platform-tools\adb.exe -P 5037 -s 1f143258 shell 'settings delete global hidden_api_policy_pre_p_apps;settings delete global hidden_api_policy_p_apps;settings delete global hidden_api_policy''
[debug] [35m[Instrumentation][39m .
[debug] [35m[Instrumentation][39m Time: 70.113
[debug] [35m[Instrumentation][39m 
[debug] [35m[Instrumentation][39m OK (1 test)
[debug] [35m[BaseDriver][39m Event 'quitSessionFinished' logged at 1689220640351 (10:57:20 GMT+0700 (Indochina Time))
[debug] [35m[W3C (03e638ff)][39m Received response: null
[debug] [35m[W3C (03e638ff)][39m But deleting session, so not returning
[debug] [35m[W3C (03e638ff)][39m Responding to client with driver.deleteSession() result: null
[35m[HTTP][39m [37m<-- DELETE /wd/hub/session/03e638ff-adf7-4414-bd6d-e20b44517c16 [39m[32m200[39m [90m493 ms - 14[39m
[35m[HTTP][39m [90m[39m
